-------------------------------------------------------------------------------
Test set: se.nackademin.MagicNumberTest
-------------------------------------------------------------------------------
Tests run: 13, Failures: 13, Errors: 0, Skipped: 0, Time elapsed: 0.165 sec <<< FAILURE! - in se.nackademin.MagicNumberTest
testCDependsOnName(se.nackademin.MagicNumberTest)  Time elapsed: 0.02 sec  <<< FAILURE!
java.lang.AssertionError: C should provide different values for different names. Actual: 0
	at se.nackademin.MagicNumberTest.testCDependsOnName(MagicNumberTest.java:115)

testBDependsOnLocation(se.nackademin.MagicNumberTest)  Time elapsed: 0.003 sec  <<< FAILURE!
java.lang.AssertionError: B should provide different values for different locations. Actual: 0
	at se.nackademin.MagicNumberTest.testBDependsOnLocation(MagicNumberTest.java:79)

testCDependsOnHeight(se.nackademin.MagicNumberTest)  Time elapsed: 0 sec  <<< FAILURE!
java.lang.AssertionError: C should provide different values for different heights. Actual: 0
	at se.nackademin.MagicNumberTest.testCDependsOnHeight(MagicNumberTest.java:97)

testBDependsOnIncome(se.nackademin.MagicNumberTest)  Time elapsed: 0 sec  <<< FAILURE!
java.lang.AssertionError: B should provide different values for different income values. Actual: 0
	at se.nackademin.MagicNumberTest.testBDependsOnIncome(MagicNumberTest.java:88)

testADependsOnName(se.nackademin.MagicNumberTest)  Time elapsed: 0.001 sec  <<< FAILURE!
java.lang.AssertionError: A should provide different values for different names. Actual: 0
	at se.nackademin.MagicNumberTest.testADependsOnName(MagicNumberTest.java:61)

testCDependsOnAge(se.nackademin.MagicNumberTest)  Time elapsed: 0.001 sec  <<< FAILURE!
java.lang.AssertionError: C should provide different values for different ages. Actual: 0
	at se.nackademin.MagicNumberTest.testCDependsOnAge(MagicNumberTest.java:106)

testA(se.nackademin.MagicNumberTest)  Time elapsed: 0 sec  <<< FAILURE!
java.lang.AssertionError: A is not calculated correctly expected:<4> but was:<0>
	at se.nackademin.MagicNumberTest.testA(MagicNumberTest.java:22)

testB(se.nackademin.MagicNumberTest)  Time elapsed: 0 sec  <<< FAILURE!
java.lang.AssertionError: B is not calculated correctly expected:<3> but was:<0>
	at se.nackademin.MagicNumberTest.testB(MagicNumberTest.java:28)

testC(se.nackademin.MagicNumberTest)  Time elapsed: 0.001 sec  <<< FAILURE!
java.lang.AssertionError: C is not calculated correctly expected:<2> but was:<0>
	at se.nackademin.MagicNumberTest.testC(MagicNumberTest.java:34)

testD(se.nackademin.MagicNumberTest)  Time elapsed: 0.001 sec  <<< FAILURE!
java.lang.AssertionError: D is not calculated correctly expected:<6> but was:<0>
	at se.nackademin.MagicNumberTest.testD(MagicNumberTest.java:40)

testE(se.nackademin.MagicNumberTest)  Time elapsed: 0 sec  <<< FAILURE!
java.lang.AssertionError: E is not calculated correctly expected:<9> but was:<0>
	at se.nackademin.MagicNumberTest.testE(MagicNumberTest.java:52)

testADependsOnAge(se.nackademin.MagicNumberTest)  Time elapsed: 0.001 sec  <<< FAILURE!
java.lang.AssertionError: A should provide different values for different ages. Actual: 0
	at se.nackademin.MagicNumberTest.testADependsOnAge(MagicNumberTest.java:70)

testDWithAGreaterThan5(se.nackademin.MagicNumberTest)  Time elapsed: 0.001 sec  <<< FAILURE!
java.lang.AssertionError: D is not calculated correctly expected:<9> but was:<0>
	at se.nackademin.MagicNumberTest.testDWithAGreaterThan5(MagicNumberTest.java:46)

