-------------------------------------------------------------------------------
Test set: se.nackademin.MagicNumberTest
-------------------------------------------------------------------------------
Tests run: 13, Failures: 1, Errors: 0, Skipped: 0, Time elapsed: 0.29 sec <<< FAILURE! - in se.nackademin.MagicNumberTest
testDWithAGreaterThan5(se.nackademin.MagicNumberTest)  Time elapsed: 0.008 sec  <<< FAILURE!
java.lang.AssertionError: D is not calculated correctly expected:<9> but was:<3>
	at se.nackademin.MagicNumberTest.testDWithAGreaterThan5(MagicNumberTest.java:46)

